<?xml version="1.0" encoding="UTF-8"?>
<!-- Generated by org.testng.reporters.JUnitReportReporter -->
<testsuite hostname="Pavanbelliber" failures="0" tests="1" name="SumOfCourses" time="2.186" errors="0" timestamp="2024-12-23T16:26:25 IST" skipped="0">
  <testcase classname="SumOfCourses" name="sumValidation" time="2.186"/>
</testsuite> <!-- SumOfCourses -->
